<?xml version="1.0" encoding="UTF-8"?>
<!-- Generated by org.testng.reporters.JUnitReportReporter -->
<testsuite skipped="10" hostname="LTIN299385" name="Functionallibrary.Testscript" tests="12" failures="0" timestamp="2022-05-20T18:28:30 IST" time="5.259" errors="2">
  <testcase name="Location" time="0.000" classname="Functionallibrary.Testscript">
    <skipped/>
  </testcase> <!-- Location -->
  <system-out/>
  <testcase name="Location" time="0.000" classname="Functionallibrary.Testscript">
    <skipped/>
  </testcase> <!-- Location -->
  <system-out/>
  <testcase name="Driverpage" time="5.258" classname="Functionallibrary.Testscript">
    <error type="org.openqa.selenium.SessionNotCreatedException" message="session not created: This version of ChromeDriver only supports Chrome version 91
Current browser version is 100.0.4896.88 with binary path C:\Program Files\Google\Chrome\Application\chrome.exe
Build info: version: &#039;3.141.59&#039;, revision: &#039;e82be7d358&#039;, time: &#039;2018-11-14T08:25:48&#039;
System info: host: &#039;LTIN299385&#039;, ip: &#039;172.18.0.1&#039;, os.name: &#039;Windows 10&#039;, os.arch: &#039;amd64&#039;, os.version: &#039;10.0&#039;, java.version: &#039;1.8.0_291&#039;
Driver info: driver.version: ChromeDriver
remote stacktrace: Backtrace:
	Ordinal0 [0x00AA2DB3+2502067]
	Ordinal0 [0x00A3C5B1+2082225]
	Ordinal0 [0x00942498+1057944]
	Ordinal0 [0x009605DA+1181146]
	Ordinal0 [0x0095C43C+1164348]
	Ordinal0 [0x00959C73+1154163]
	Ordinal0 [0x00989A22+1350178]
	Ordinal0 [0x0098967A+1349242]
	Ordinal0 [0x00985BEB+1334251]
	Ordinal0 [0x00962174+1188212]
	Ordinal0 [0x00963009+1191945]
	GetHandleVerifier [0x00C1EC5C+1511084]
	GetHandleVerifier [0x00CC8522+2205554]
	GetHandleVerifier [0x00B23393+480739]
	GetHandleVerifier [0x00B22579+477129]
	Ordinal0 [0x00A41E5D+2104925]
	Ordinal0 [0x00A463F8+2122744]
	Ordinal0 [0x00A46537+2123063]
	Ordinal0 [0x00A4EE53+2158163]
	BaseThreadInitThunk [0x76F7FA29+25]
	RtlGetAppContainerNamedObjectPath [0x77A87A7E+286]
	RtlGetAppContainerNamedObjectPath [0x77A87A4E+238]
">
      <![CDATA[org.openqa.selenium.SessionNotCreatedException: session not created: This version of ChromeDriver only supports Chrome version 91
Current browser version is 100.0.4896.88 with binary path C:\Program Files\Google\Chrome\Application\chrome.exe
Build info: version: '3.141.59', revision: 'e82be7d358', time: '2018-11-14T08:25:48'
System info: host: 'LTIN299385', ip: '172.18.0.1', os.name: 'Windows 10', os.arch: 'amd64', os.version: '10.0', java.version: '1.8.0_291'
Driver info: driver.version: ChromeDriver
remote stacktrace: Backtrace:
Ordinal0 [0x00AA2DB3+2502067]
Ordinal0 [0x00A3C5B1+2082225]
Ordinal0 [0x00942498+1057944]
Ordinal0 [0x009605DA+1181146]
Ordinal0 [0x0095C43C+1164348]
Ordinal0 [0x00959C73+1154163]
Ordinal0 [0x00989A22+1350178]
Ordinal0 [0x0098967A+1349242]
Ordinal0 [0x00985BEB+1334251]
Ordinal0 [0x00962174+1188212]
Ordinal0 [0x00963009+1191945]
GetHandleVerifier [0x00C1EC5C+1511084]
GetHandleVerifier [0x00CC8522+2205554]
GetHandleVerifier [0x00B23393+480739]
GetHandleVerifier [0x00B22579+477129]
Ordinal0 [0x00A41E5D+2104925]
Ordinal0 [0x00A463F8+2122744]
Ordinal0 [0x00A46537+2123063]
Ordinal0 [0x00A4EE53+2158163]
BaseThreadInitThunk [0x76F7FA29+25]
RtlGetAppContainerNamedObjectPath [0x77A87A7E+286]
RtlGetAppContainerNamedObjectPath [0x77A87A4E+238]

at sun.reflect.NativeConstructorAccessorImpl.newInstance0(Native Method)
at sun.reflect.NativeConstructorAccessorImpl.newInstance(NativeConstructorAccessorImpl.java:62)
at sun.reflect.DelegatingConstructorAccessorImpl.newInstance(DelegatingConstructorAccessorImpl.java:45)
at java.lang.reflect.Constructor.newInstance(Constructor.java:423)
at org.openqa.selenium.remote.W3CHandshakeResponse.lambda$errorHandler$0(W3CHandshakeResponse.java:62)
at org.openqa.selenium.remote.HandshakeResponse.lambda$getResponseFunction$0(HandshakeResponse.java:30)
at org.openqa.selenium.remote.ProtocolHandshake.lambda$createSession$0(ProtocolHandshake.java:126)
at java.util.stream.ReferencePipeline$3$1.accept(ReferencePipeline.java:193)
at java.util.Spliterators$ArraySpliterator.tryAdvance(Spliterators.java:958)
at java.util.stream.ReferencePipeline.forEachWithCancel(ReferencePipeline.java:126)
at java.util.stream.AbstractPipeline.copyIntoWithCancel(AbstractPipeline.java:499)
at java.util.stream.AbstractPipeline.copyInto(AbstractPipeline.java:486)
at java.util.stream.AbstractPipeline.wrapAndCopyInto(AbstractPipeline.java:472)
at java.util.stream.FindOps$FindOp.evaluateSequential(FindOps.java:152)
at java.util.stream.AbstractPipeline.evaluate(AbstractPipeline.java:234)
at java.util.stream.ReferencePipeline.findFirst(ReferencePipeline.java:464)
at org.openqa.selenium.remote.ProtocolHandshake.createSession(ProtocolHandshake.java:128)
at org.openqa.selenium.remote.ProtocolHandshake.createSession(ProtocolHandshake.java:74)
at org.openqa.selenium.remote.HttpCommandExecutor.execute(HttpCommandExecutor.java:136)
at org.openqa.selenium.remote.service.DriverCommandExecutor.execute(DriverCommandExecutor.java:83)
at org.openqa.selenium.remote.RemoteWebDriver.execute(RemoteWebDriver.java:552)
at org.openqa.selenium.remote.RemoteWebDriver.startSession(RemoteWebDriver.java:213)
at org.openqa.selenium.remote.RemoteWebDriver.<init>(RemoteWebDriver.java:131)
at org.openqa.selenium.chrome.ChromeDriver.<init>(ChromeDriver.java:181)
at org.openqa.selenium.chrome.ChromeDriver.<init>(ChromeDriver.java:168)
at org.openqa.selenium.chrome.ChromeDriver.<init>(ChromeDriver.java:123)
at Userdefinedlibrary.Driversetup.Driverstart(Driversetup.java:24)
at Functionallibrary.Testscript.Driverpage(Testscript.java:25)
at sun.reflect.NativeMethodAccessorImpl.invoke0(Native Method)
at sun.reflect.NativeMethodAccessorImpl.invoke(NativeMethodAccessorImpl.java:62)
at sun.reflect.DelegatingMethodAccessorImpl.invoke(DelegatingMethodAccessorImpl.java:43)
at java.lang.reflect.Method.invoke(Method.java:498)
at org.testng.internal.MethodInvocationHelper.invokeMethod(MethodInvocationHelper.java:133)
at org.testng.internal.MethodInvocationHelper.invokeMethodConsideringTimeout(MethodInvocationHelper.java:62)
at org.testng.internal.ConfigInvoker.invokeConfigurationMethod(ConfigInvoker.java:385)
at org.testng.internal.ConfigInvoker.invokeConfigurations(ConfigInvoker.java:321)
at org.testng.TestRunner.invokeTestConfigurations(TestRunner.java:637)
at org.testng.TestRunner.beforeRun(TestRunner.java:627)
at org.testng.TestRunner.run(TestRunner.java:589)
at org.testng.SuiteRunner.runTest(SuiteRunner.java:377)
at org.testng.SuiteRunner.runSequentially(SuiteRunner.java:371)
at org.testng.SuiteRunner.privateRun(SuiteRunner.java:332)
at org.testng.SuiteRunner.run(SuiteRunner.java:276)
at org.testng.SuiteRunnerWorker.runSuite(SuiteRunnerWorker.java:53)
at org.testng.SuiteRunnerWorker.run(SuiteRunnerWorker.java:96)
at org.testng.TestNG.runSuitesSequentially(TestNG.java:1212)
at org.testng.TestNG.runSuitesLocally(TestNG.java:1134)
at org.testng.TestNG.runSuites(TestNG.java:1063)
at org.testng.TestNG.run(TestNG.java:1031)
at org.testng.remote.AbstractRemoteTestNG.run(AbstractRemoteTestNG.java:115)
at org.testng.remote.RemoteTestNG.initAndRun(RemoteTestNG.java:251)
at org.testng.remote.RemoteTestNG.main(RemoteTestNG.java:77)
]]>
    </error>
  </testcase> <!-- Driverpage -->
  <system-out/>
  <testcase name="Driverpage" time="0.001" classname="Functionallibrary.Testscript">
    <error type="java.lang.NullPointerException">
      <![CDATA[java.lang.NullPointerException
at Userdefinedlibrary.Driversetup.Driverstart(Driversetup.java:33)
at Functionallibrary.Testscript.Driverpage(Testscript.java:25)
at sun.reflect.NativeMethodAccessorImpl.invoke0(Native Method)
at sun.reflect.NativeMethodAccessorImpl.invoke(NativeMethodAccessorImpl.java:62)
at sun.reflect.DelegatingMethodAccessorImpl.invoke(DelegatingMethodAccessorImpl.java:43)
at java.lang.reflect.Method.invoke(Method.java:498)
at org.testng.internal.MethodInvocationHelper.invokeMethod(MethodInvocationHelper.java:133)
at org.testng.internal.MethodInvocationHelper.invokeMethodConsideringTimeout(MethodInvocationHelper.java:62)
at org.testng.internal.ConfigInvoker.invokeConfigurationMethod(ConfigInvoker.java:385)
at org.testng.internal.ConfigInvoker.invokeConfigurations(ConfigInvoker.java:321)
at org.testng.TestRunner.invokeTestConfigurations(TestRunner.java:637)
at org.testng.TestRunner.beforeRun(TestRunner.java:627)
at org.testng.TestRunner.run(TestRunner.java:589)
at org.testng.SuiteRunner.runTest(SuiteRunner.java:377)
at org.testng.SuiteRunner.runSequentially(SuiteRunner.java:371)
at org.testng.SuiteRunner.privateRun(SuiteRunner.java:332)
at org.testng.SuiteRunner.run(SuiteRunner.java:276)
at org.testng.SuiteRunnerWorker.runSuite(SuiteRunnerWorker.java:53)
at org.testng.SuiteRunnerWorker.run(SuiteRunnerWorker.java:96)
at org.testng.TestNG.runSuitesSequentially(TestNG.java:1212)
at org.testng.TestNG.runSuitesLocally(TestNG.java:1134)
at org.testng.TestNG.runSuites(TestNG.java:1063)
at org.testng.TestNG.run(TestNG.java:1031)
at org.testng.remote.AbstractRemoteTestNG.run(AbstractRemoteTestNG.java:115)
at org.testng.remote.RemoteTestNG.initAndRun(RemoteTestNG.java:251)
at org.testng.remote.RemoteTestNG.main(RemoteTestNG.java:77)
]]>
    </error>
  </testcase> <!-- Driverpage -->
  <system-out/>
  <testcase name="Datepage" time="0.000" classname="Functionallibrary.Testscript">
    <skipped/>
  </testcase> <!-- Datepage -->
  <system-out/>
  <testcase name="Datepage" time="0.000" classname="Functionallibrary.Testscript">
    <skipped/>
  </testcase> <!-- Datepage -->
  <system-out/>
  <testcase name="Datepage2" time="0.000" classname="Functionallibrary.Testscript">
    <skipped/>
  </testcase> <!-- Datepage2 -->
  <system-out/>
  <testcase name="Datepage2" time="0.000" classname="Functionallibrary.Testscript">
    <skipped/>
  </testcase> <!-- Datepage2 -->
  <system-out/>
  <testcase name="Searchpage" time="0.000" classname="Functionallibrary.Testscript">
    <skipped/>
  </testcase> <!-- Searchpage -->
  <system-out/>
  <testcase name="Searchpage" time="0.000" classname="Functionallibrary.Testscript">
    <skipped/>
  </testcase> <!-- Searchpage -->
  <system-out/>
  <testcase name="Screenshotpage" time="0.000" classname="Functionallibrary.Testscript">
    <skipped/>
  </testcase> <!-- Screenshotpage -->
  <system-out/>
  <testcase name="Screenshotpage" time="0.000" classname="Functionallibrary.Testscript">
    <skipped/>
  </testcase> <!-- Screenshotpage -->
  <system-out/>
</testsuite> <!-- Functionallibrary.Testscript -->
